In file included from device/motorola/jordan/libcamera/JordanCameraWrapper.h:5,
                 from device/motorola/jordan/libcamera/JordanCameraWrapper.cpp:27:
device/motorola/jordan/libcamera/CameraHardwareInterface.h: In static member function 'static int android::CameraHardwareInterface::__lock_buffer(preview_stream_ops*, const native_handle_t**)':
device/motorola/jordan/libcamera/CameraHardwareInterface.h:593: warning: invalid access to non-static data member 'ANativeWindowBuffer::handle'  of NULL object
device/motorola/jordan/libcamera/CameraHardwareInterface.h:593: warning: (perhaps the 'offsetof' macro was used incorrectly)
device/motorola/jordan/libcamera/CameraHardwareInterface.h: In static member function 'static int android::CameraHardwareInterface::__enqueue_buffer(preview_stream_ops*, const native_handle_t**)':
device/motorola/jordan/libcamera/CameraHardwareInterface.h:601: warning: invalid access to non-static data member 'ANativeWindowBuffer::handle'  of NULL object
device/motorola/jordan/libcamera/CameraHardwareInterface.h:601: warning: (perhaps the 'offsetof' macro was used incorrectly)
device/motorola/jordan/libcamera/CameraHardwareInterface.h: In static member function 'static int android::CameraHardwareInterface::__cancel_buffer(preview_stream_ops*, const native_handle_t**)':
device/motorola/jordan/libcamera/CameraHardwareInterface.h:609: warning: invalid access to non-static data member 'ANativeWindowBuffer::handle'  of NULL object
device/motorola/jordan/libcamera/CameraHardwareInterface.h:609: warning: (perhaps the 'offsetof' macro was used incorrectly)
In file included from device/motorola/jordan/libcamera/JordanCameraWrapper.cpp:27:
device/motorola/jordan/libcamera/JordanCameraWrapper.h: At global scope:
device/motorola/jordan/libcamera/JordanCameraWrapper.h:25: error: 'Overlay' was not declared in this scope
device/motorola/jordan/libcamera/JordanCameraWrapper.h:25: error: template argument 1 is invalid
device/motorola/jordan/libcamera/JordanCameraWrapper.cpp: In constructor 'android::JordanCameraWrapper::JordanCameraWrapper(android::sp<android::CameraHardwareInterface>&, android::JordanCameraWrapper::CameraType)':
device/motorola/jordan/libcamera/JordanCameraWrapper.cpp:152: error: no matching function for call to 'android::CameraHardwareInterface::CameraHardwareInterface()'
device/motorola/jordan/libcamera/CameraHardwareInterface.h:83: note: candidates are: android::CameraHardwareInterface::CameraHardwareInterface(const char*) (base constructor)
device/motorola/jordan/libcamera/CameraHardwareInterface.h:81: note:                 android::CameraHardwareInterface::CameraHardwareInterface(const android::CameraHardwareInterface&) (base constructor)
device/motorola/jordan/libcamera/JordanCameraWrapper.cpp: In member function 'virtual android::sp<android::IMemoryHeap> android::JordanCameraWrapper::getPreviewHeap() const':
device/motorola/jordan/libcamera/JordanCameraWrapper.cpp:169: error: 'class android::CameraHardwareInterface' has no member named 'getPreviewHeap'
device/motorola/jordan/libcamera/JordanCameraWrapper.cpp: In member function 'virtual android::sp<android::IMemoryHeap> android::JordanCameraWrapper::getRawHeap() const':
device/motorola/jordan/libcamera/JordanCameraWrapper.cpp:175: error: 'class android::CameraHardwareInterface' has no member named 'getRawHeap'
device/motorola/jordan/libcamera/JordanCameraWrapper.cpp: In member function 'virtual void android::JordanCameraWrapper::setCallbacks(void (*)(int32_t, int32_t, int32_t, void*), void (*)(int32_t, const android::sp<android::IMemory>&, camera_frame_metadata_t*, void*), void (*)(nsecs_t, int32_t, const android::sp<android::IMemory>&, void*), void*)':
device/motorola/jordan/libcamera/JordanCameraWrapper.cpp:193: error: invalid conversion from 'void (*)(int32_t, const android::sp<android::IMemory>&, void*)' to 'void (*)(int32_t, const android::sp<android::IMemory>&, camera_frame_metadata_t*, void*)'
device/motorola/jordan/libcamera/JordanCameraWrapper.cpp: In static member function 'static void android::JordanCameraWrapper::dataCb(int32_t, const android::sp<android::IMemory>&, void*)':
device/motorola/jordan/libcamera/JordanCameraWrapper.cpp:221: error: invalid conversion from 'void*' to 'camera_frame_metadata_t*'
device/motorola/jordan/libcamera/JordanCameraWrapper.cpp:221: error: too few arguments to function
device/motorola/jordan/libcamera/JordanCameraWrapper.cpp: In member function 'virtual bool android::JordanCameraWrapper::useOverlay()':
device/motorola/jordan/libcamera/JordanCameraWrapper.cpp:301: error: 'class android::CameraHardwareInterface' has no member named 'useOverlay'
device/motorola/jordan/libcamera/JordanCameraWrapper.cpp: At global scope:
device/motorola/jordan/libcamera/JordanCameraWrapper.cpp:305: error: 'Overlay' was not declared in this scope
device/motorola/jordan/libcamera/JordanCameraWrapper.cpp:305: error: template argument 1 is invalid
device/motorola/jordan/libcamera/JordanCameraWrapper.cpp: In member function 'virtual android::status_t android::JordanCameraWrapper::setOverlay(const int&)':
device/motorola/jordan/libcamera/JordanCameraWrapper.cpp:307: error: 'class android::CameraHardwareInterface' has no member named 'setOverlay'
make: *** [out/target/product/jordan/obj/SHARED_LIBRARIES/libcamera_intermediates/JordanCameraWrapper.o] Error 1
